<?xml version="1.0" encoding="UTF-8"?>
<!-- Generated by org.testng.reporters.JUnitReportReporter -->
<testsuite hostname="ARUN" failures="0" tests="1" name="Automation_TestCases.SmokeTest_SummerDress" time="25.088" errors="0" timestamp="2020-10-08T15:29:15 IST" skipped="0">
  <testcase classname="Automation_TestCases.SmokeTest_SummerDress" name="SummerDress" time="25.088"/>
  <system-out/>
</testsuite> <!-- Automation_TestCases.SmokeTest_SummerDress -->
