<?xml version="1.0" encoding="UTF-8"?>
<!-- Generated by org.testng.reporters.JUnitReportReporter -->
<testsuite hostname="ARUN" failures="0" tests="1" name="config.StartBrowser" time="8.210" errors="0" timestamp="2020-09-01T07:32:14 IST" skipped="0">
  <testcase classname="config.StartBrowser" name="launch" time="8.210"/>
  <system-out/>
</testsuite> <!-- config.StartBrowser -->
