<?xml version="1.0" encoding="UTF-8"?>
<!-- Generated by org.testng.reporters.JUnitReportReporter -->
<testsuite hostname="ARUN" failures="0" tests="1" name="testScripts.TC1" time="9.821" errors="0" timestamp="2020-09-02T09:33:26 IST" skipped="0">
  <testcase classname="testScripts.TC1" name="login_logout" time="9.821"/>
  <system-out/>
</testsuite> <!-- testScripts.TC1 -->
