<?xml version="1.0" encoding="UTF-8"?>
<!-- Generated by org.testng.reporters.JUnitReportReporter -->
<testsuite hostname="ARUN" failures="0" tests="1" name="testScripts.TC3" time="11.910" errors="0" timestamp="2020-09-02T09:34:58 IST" skipped="0">
  <testcase classname="testScripts.TC3" name="registration" time="11.910"/>
  <system-out/>
</testsuite> <!-- testScripts.TC3 -->
