<?xml version="1.0" encoding="UTF-8"?>
<!-- Generated by org.testng.reporters.JUnitReportReporter -->
<testsuite hostname="ARUN" failures="0" tests="1" name="testScripts.TC2" time="13.749" errors="0" timestamp="2020-09-02T09:34:22 IST" skipped="0">
  <testcase classname="testScripts.TC2" name="flightfinder" time="13.749"/>
  <system-out/>
</testsuite> <!-- testScripts.TC2 -->
